<?xml version="1.0" encoding="UTF-8"?>
<!-- Generated by org.testng.reporters.JUnitReportReporter -->
<testsuite hostname="DESKTOP-GJ6D9AP" failures="0" tests="4" name="webServices.Automation_ApiTesting" time="0.030" errors="0" timestamp="2022-11-19T21:24:07 IST" skipped="3">
  <testcase classname="webServices.Automation_ApiTesting" name="deletemethod" time="0.030"/>
  <system-out/>
  <testcase classname="webServices.Automation_ApiTesting" name="putmethod">
    <skipped/>
  </testcase> <!-- putmethod -->
  <system-out/>
  <testcase classname="webServices.Automation_ApiTesting" name="postmethod">
    <skipped/>
  </testcase> <!-- postmethod -->
  <system-out/>
  <testcase classname="webServices.Automation_ApiTesting" name="getmethod">
    <skipped/>
  </testcase> <!-- getmethod -->
  <system-out/>
</testsuite> <!-- webServices.Automation_ApiTesting -->
